<?xml version="1.0" encoding="UTF-8"?>
<coverage generated="1750015282">
  <project timestamp="1750015282">
    <package name="App\Console\Commands">
      <file name="/home/runner/work/blog/blog/app/Console/Commands/CheckPostsGoogleIndexStatus.php">
        <class name="App\Console\Commands\CheckPostsGoogleIndexStatus" namespace="App\Console\Commands">
          <metrics complexity="3" methods="1" coveredmethods="0" conditionals="0" coveredconditionals="0" statements="8" coveredstatements="6" elements="9" coveredelements="6"/>
        </class>
        <line num="18" type="method" name="handle" visibility="public" complexity="3" crap="3.14" count="1"/>
        <line num="20" type="stmt" count="1"/>
        <line num="21" type="stmt" count="1"/>
        <line num="22" type="stmt" count="1"/>
        <line num="24" type="stmt" count="1"/>
        <line num="25" type="stmt" count="0"/>
        <line num="26" type="stmt" count="0"/>
        <line num="27" type="stmt" count="1"/>
        <line num="28" type="stmt" count="1"/>
        <metrics loc="33" ncloc="28" classes="1" methods="1" coveredmethods="0" conditionals="0" coveredconditionals="0" statements="8" coveredstatements="6" elements="9" coveredelements="6"/>
      </file>
      <file name="/home/runner/work/blog/blog/app/Console/Commands/GenerateSitemap.php">
        <class name="App\Console\Commands\GenerateSitemap" namespace="App\Console\Commands">
          <metrics complexity="1" methods="1" coveredmethods="1" conditionals="0" coveredconditionals="0" statements="1" coveredstatements="1" elements="2" coveredelements="2"/>
        </class>
        <line num="14" type="method" name="handle" visibility="public" complexity="1" crap="1" count="1"/>
        <line num="16" type="stmt" count="1"/>
        <metrics loc="19" ncloc="19" classes="1" methods="1" coveredmethods="1" conditionals="0" coveredconditionals="0" statements="1" coveredstatements="1" elements="2" coveredelements="2"/>
      </file>
      <file name="/home/runner/work/blog/blog/app/Console/Commands/UpdateExperienceHeatmap.php">
        <class name="App\Console\Commands\UpdateExperienceHeatmap" namespace="App\Console\Commands">
          <metrics complexity="17" methods="2" coveredmethods="0" conditionals="0" coveredconditionals="0" statements="56" coveredstatements="54" elements="58" coveredelements="54"/>
        </class>
        <line num="16" type="method" name="handle" visibility="public" complexity="15" crap="15" count="2"/>
        <line num="18" type="stmt" count="2"/>
        <line num="19" type="stmt" count="2"/>
        <line num="20" type="stmt" count="2"/>
        <line num="22" type="stmt" count="2"/>
        <line num="23" type="stmt" count="2"/>
        <line num="25" type="stmt" count="2"/>
        <line num="26" type="stmt" count="2"/>
        <line num="27" type="stmt" count="2"/>
        <line num="28" type="stmt" count="2"/>
        <line num="29" type="stmt" count="2"/>
        <line num="30" type="stmt" count="2"/>
        <line num="31" type="stmt" count="2"/>
        <line num="32" type="stmt" count="2"/>
        <line num="33" type="stmt" count="0"/>
        <line num="36" type="stmt" count="2"/>
        <line num="37" type="stmt" count="2"/>
        <line num="38" type="stmt" count="2"/>
        <line num="40" type="stmt" count="2"/>
        <line num="41" type="stmt" count="2"/>
        <line num="42" type="stmt" count="2"/>
        <line num="45" type="stmt" count="2"/>
        <line num="46" type="stmt" count="2"/>
        <line num="47" type="stmt" count="2"/>
        <line num="48" type="stmt" count="2"/>
        <line num="49" type="stmt" count="2"/>
        <line num="50" type="stmt" count="2"/>
        <line num="53" type="stmt" count="2"/>
        <line num="54" type="stmt" count="2"/>
        <line num="55" type="stmt" count="2"/>
        <line num="56" type="stmt" count="2"/>
        <line num="57" type="stmt" count="2"/>
        <line num="59" type="stmt" count="2"/>
        <line num="60" type="stmt" count="2"/>
        <line num="61" type="stmt" count="2"/>
        <line num="64" type="stmt" count="2"/>
        <line num="65" type="stmt" count="2"/>
        <line num="66" type="stmt" count="2"/>
        <line num="67" type="stmt" count="2"/>
        <line num="68" type="stmt" count="2"/>
        <line num="69" type="stmt" count="2"/>
        <line num="70" type="stmt" count="2"/>
        <line num="71" type="stmt" count="2"/>
        <line num="75" type="stmt" count="2"/>
        <line num="77" type="stmt" count="2"/>
        <line num="78" type="stmt" count="2"/>
        <line num="79" type="stmt" count="2"/>
        <line num="81" type="stmt" count="2"/>
        <line num="82" type="stmt" count="2"/>
        <line num="85" type="stmt" count="2"/>
        <line num="86" type="stmt" count="2"/>
        <line num="87" type="stmt" count="2"/>
        <line num="90" type="method" name="getFile" visibility="protected" complexity="2" crap="2.03" count="2"/>
        <line num="92" type="stmt" count="2"/>
        <line num="93" type="stmt" count="2"/>
        <line num="94" type="stmt" count="2"/>
        <line num="95" type="stmt" count="0"/>
        <line num="97" type="stmt" count="2"/>
        <metrics loc="100" ncloc="100" classes="1" methods="2" coveredmethods="0" conditionals="0" coveredconditionals="0" statements="56" coveredstatements="54" elements="58" coveredelements="54"/>
      </file>
    </package>
    <package name="App\Console">
      <file name="/home/runner/work/blog/blog/app/Console/Kernel.php">
        <class name="App\Console\Kernel" namespace="App\Console">
          <metrics complexity="1" methods="1" coveredmethods="1" conditionals="0" coveredconditionals="0" statements="2" coveredstatements="2" elements="3" coveredelements="3"/>
        </class>
        <line num="9" type="method" name="commands" visibility="protected" complexity="1" crap="1" count="42"/>
        <line num="11" type="stmt" count="42"/>
        <line num="13" type="stmt" count="42"/>
        <metrics loc="16" ncloc="16" classes="1" methods="1" coveredmethods="1" conditionals="0" coveredconditionals="0" statements="2" coveredstatements="2" elements="3" coveredelements="3"/>
      </file>
    </package>
    <file name="/home/runner/work/blog/blog/app/Enums/ConfigKeyEnum.php">
      <metrics loc="9" ncloc="9" classes="0" methods="0" coveredmethods="0" conditionals="0" coveredconditionals="0" statements="0" coveredstatements="0" elements="0" coveredelements="0"/>
    </file>
    <file name="/home/runner/work/blog/blog/app/Enums/ConfigTypeEnum.php">
      <metrics loc="12" ncloc="12" classes="0" methods="0" coveredmethods="0" conditionals="0" coveredconditionals="0" statements="0" coveredstatements="0" elements="0" coveredelements="0"/>
    </file>
    <file name="/home/runner/work/blog/blog/app/Enums/OauthTokenTypeEnum.php">
      <metrics loc="8" ncloc="8" classes="0" methods="0" coveredmethods="0" conditionals="0" coveredconditionals="0" statements="0" coveredstatements="0" elements="0" coveredelements="0"/>
    </file>
    <package name="App\Exceptions">
      <file name="/home/runner/work/blog/blog/app/Exceptions/Handler.php">
        <class name="App\Exceptions\Handler" namespace="App\Exceptions">
          <metrics complexity="1" methods="1" coveredmethods="1" conditionals="0" coveredconditionals="0" statements="2" coveredstatements="2" elements="3" coveredelements="3"/>
        </class>
        <line num="24" type="method" name="register" visibility="public" complexity="1" crap="1" count="42"/>
        <line num="26" type="stmt" count="42"/>
        <line num="28" type="stmt" count="42"/>
        <metrics loc="31" ncloc="22" classes="1" methods="1" coveredmethods="1" conditionals="0" coveredconditionals="0" statements="2" coveredstatements="2" elements="3" coveredelements="3"/>
      </file>
    </package>
    <package name="App\Http\Controllers">
      <file name="/home/runner/work/blog/blog/app/Http/Controllers/AboutController.php">
        <class name="App\Http\Controllers\AboutController" namespace="App\Http\Controllers">
          <metrics complexity="1" methods="1" coveredmethods="1" conditionals="0" coveredconditionals="0" statements="9" coveredstatements="9" elements="10" coveredelements="10"/>
        </class>
        <line num="13" type="method" name="about" visibility="public" complexity="1" crap="1" count="2"/>
        <line num="15" type="stmt" count="2"/>
        <line num="16" type="stmt" count="2"/>
        <line num="17" type="stmt" count="2"/>
        <line num="18" type="stmt" count="2"/>
        <line num="19" type="stmt" count="2"/>
        <line num="20" type="stmt" count="2"/>
        <line num="21" type="stmt" count="2"/>
        <line num="22" type="stmt" count="2"/>
        <line num="23" type="stmt" count="2"/>
        <metrics loc="26" ncloc="26" classes="1" methods="1" coveredmethods="1" conditionals="0" coveredconditionals="0" statements="9" coveredstatements="9" elements="10" coveredelements="10"/>
      </file>
      <file name="/home/runner/work/blog/blog/app/Http/Controllers/ContactsController.php">
        <class name="App\Http\Controllers\ContactsController" namespace="App\Http\Controllers">
          <metrics complexity="6" methods="5" coveredmethods="5" conditionals="0" coveredconditionals="0" statements="27" coveredstatements="27" elements="32" coveredelements="32"/>
        </class>
        <line num="17" type="method" name="index" visibility="public" complexity="1" crap="1" count="1"/>
        <line num="19" type="stmt" count="1"/>
        <line num="20" type="stmt" count="1"/>
        <line num="21" type="stmt" count="1"/>
        <line num="22" type="stmt" count="1"/>
        <line num="23" type="stmt" count="1"/>
        <line num="24" type="stmt" count="1"/>
        <line num="30" type="method" name="store" visibility="public" complexity="2" crap="2" count="2"/>
        <line num="32" type="stmt" count="2"/>
        <line num="33" type="stmt" count="1"/>
        <line num="35" type="stmt" count="1"/>
        <line num="36" type="stmt" count="1"/>
        <line num="37" type="stmt" count="1"/>
        <line num="39" type="stmt" count="1"/>
        <line num="42" type="method" name="cookiePolicy" visibility="public" complexity="1" crap="1" count="1"/>
        <line num="44" type="stmt" count="1"/>
        <line num="45" type="stmt" count="1"/>
        <line num="46" type="stmt" count="1"/>
        <line num="47" type="stmt" count="1"/>
        <line num="48" type="stmt" count="1"/>
        <line num="51" type="method" name="privacyPolicy" visibility="public" complexity="1" crap="1" count="1"/>
        <line num="53" type="stmt" count="1"/>
        <line num="54" type="stmt" count="1"/>
        <line num="55" type="stmt" count="1"/>
        <line num="56" type="stmt" count="1"/>
        <line num="57" type="stmt" count="1"/>
        <line num="60" type="method" name="terms" visibility="public" complexity="1" crap="1" count="1"/>
        <line num="62" type="stmt" count="1"/>
        <line num="63" type="stmt" count="1"/>
        <line num="64" type="stmt" count="1"/>
        <line num="65" type="stmt" count="1"/>
        <line num="66" type="stmt" count="1"/>
        <metrics loc="69" ncloc="66" classes="1" methods="5" coveredmethods="5" conditionals="0" coveredconditionals="0" statements="27" coveredstatements="27" elements="32" coveredelements="32"/>
      </file>
      <file name="/home/runner/work/blog/blog/app/Http/Controllers/Controller.php">
        <class name="App\Http\Controllers\Controller" namespace="App\Http\Controllers">
          <metrics complexity="0" methods="0" coveredmethods="0" conditionals="0" coveredconditionals="0" statements="0" coveredstatements="0" elements="0" coveredelements="0"/>
        </class>
        <metrics loc="13" ncloc="13" classes="0" methods="0" coveredmethods="0" conditionals="0" coveredconditionals="0" statements="0" coveredstatements="0" elements="0" coveredelements="0"/>
      </file>
      <file name="/home/runner/work/blog/blog/app/Http/Controllers/PostsController.php">
        <class name="App\Http\Controllers\PostsController" namespace="App\Http\Controllers">
          <metrics complexity="7" methods="2" coveredmethods="0" conditionals="0" coveredconditionals="0" statements="34" coveredstatements="23" elements="36" coveredelements="23"/>
        </class>
        <line num="15" type="method" name="index" visibility="public" complexity="6" crap="6.06" count="2"/>
        <line num="17" type="stmt" count="2"/>
        <line num="18" type="stmt" count="2"/>
        <line num="19" type="stmt" count="2"/>
        <line num="20" type="stmt" count="2"/>
        <line num="21" type="stmt" count="1"/>
        <line num="22" type="stmt" count="1"/>
        <line num="23" type="stmt" count="1"/>
        <line num="24" type="stmt" count="1"/>
        <line num="25" type="stmt" count="0"/>
        <line num="29" type="stmt" count="2"/>
        <line num="30" type="stmt" count="0"/>
        <line num="31" type="stmt" count="0"/>
        <line num="34" type="stmt" count="2"/>
        <line num="35" type="stmt" count="2"/>
        <line num="36" type="stmt" count="2"/>
        <line num="37" type="stmt" count="2"/>
        <line num="38" type="stmt" count="2"/>
        <line num="40" type="stmt" count="2"/>
        <line num="41" type="stmt" count="2"/>
        <line num="42" type="stmt" count="2"/>
        <line num="43" type="stmt" count="2"/>
        <line num="44" type="stmt" count="2"/>
        <line num="45" type="stmt" count="2"/>
        <line num="46" type="stmt" count="2"/>
        <line num="47" type="stmt" count="2"/>
        <line num="48" type="stmt" count="2"/>
        <line num="51" type="method" name="show" visibility="public" complexity="1" crap="2" count="0"/>
        <line num="53" type="stmt" count="0"/>
        <line num="54" type="stmt" count="0"/>
        <line num="55" type="stmt" count="0"/>
        <line num="56" type="stmt" count="0"/>
        <line num="57" type="stmt" count="0"/>
        <line num="58" type="stmt" count="0"/>
        <line num="59" type="stmt" count="0"/>
        <line num="60" type="stmt" count="0"/>
        <metrics loc="63" ncloc="63" classes="1" methods="2" coveredmethods="0" conditionals="0" coveredconditionals="0" statements="34" coveredstatements="23" elements="36" coveredelements="23"/>
      </file>
    </package>
    <package name="App\Http\Controllers\Admin">
      <file name="/home/runner/work/blog/blog/app/Http/Controllers/Admin/ContactRequestAdminController.php">
        <class name="App\Http\Controllers\Admin\ContactRequestAdminController" namespace="App\Http\Controllers\Admin">
          <metrics complexity="2" methods="2" coveredmethods="2" conditionals="0" coveredconditionals="0" statements="11" coveredstatements="11" elements="13" coveredelements="13"/>
        </class>
        <line num="12" type="method" name="index" visibility="public" complexity="1" crap="1" count="1"/>
        <line num="14" type="stmt" count="1"/>
        <line num="15" type="stmt" count="1"/>
        <line num="16" type="stmt" count="1"/>
        <line num="17" type="stmt" count="1"/>
        <line num="18" type="stmt" count="1"/>
        <line num="19" type="stmt" count="1"/>
        <line num="21" type="stmt" count="1"/>
        <line num="24" type="method" name="destroy" visibility="public" complexity="1" crap="1" count="1"/>
        <line num="26" type="stmt" count="1"/>
        <line num="28" type="stmt" count="1"/>
        <line num="29" type="stmt" count="1"/>
        <line num="30" type="stmt" count="1"/>
        <metrics loc="33" ncloc="33" classes="1" methods="2" coveredmethods="2" conditionals="0" coveredconditionals="0" statements="11" coveredstatements="11" elements="13" coveredelements="13"/>
      </file>
      <file name="/home/runner/work/blog/blog/app/Http/Controllers/Admin/DashboardController.php">
        <class name="App\Http\Controllers\Admin\DashboardController" namespace="App\Http\Controllers\Admin">
          <metrics complexity="1" methods="1" coveredmethods="1" conditionals="0" coveredconditionals="0" statements="5" coveredstatements="5" elements="6" coveredelements="6"/>
        </class>
        <line num="11" type="method" name="dashboard" visibility="public" complexity="1" crap="1" count="1"/>
        <line num="13" type="stmt" count="1"/>
        <line num="14" type="stmt" count="1"/>
        <line num="15" type="stmt" count="1"/>
        <line num="16" type="stmt" count="1"/>
        <line num="17" type="stmt" count="1"/>
        <metrics loc="20" ncloc="20" classes="1" methods="1" coveredmethods="1" conditionals="0" coveredconditionals="0" statements="5" coveredstatements="5" elements="6" coveredelements="6"/>
      </file>
      <file name="/home/runner/work/blog/blog/app/Http/Controllers/Admin/GoogleAuthController.php">
        <class name="App\Http\Controllers\Admin\GoogleAuthController" namespace="App\Http\Controllers\Admin">
          <metrics complexity="2" methods="1" coveredmethods="0" conditionals="0" coveredconditionals="0" statements="14" coveredstatements="0" elements="15" coveredelements="0"/>
        </class>
        <line num="12" type="method" name="callback" visibility="public" complexity="2" crap="6" count="0"/>
        <line num="14" type="stmt" count="0"/>
        <line num="16" type="stmt" count="0"/>
        <line num="17" type="stmt" count="0"/>
        <line num="20" type="stmt" count="0"/>
        <line num="21" type="stmt" count="0"/>
        <line num="22" type="stmt" count="0"/>
        <line num="23" type="stmt" count="0"/>
        <line num="24" type="stmt" count="0"/>
        <line num="25" type="stmt" count="0"/>
        <line num="26" type="stmt" count="0"/>
        <line num="27" type="stmt" count="0"/>
        <line num="28" type="stmt" count="0"/>
        <line num="29" type="stmt" count="0"/>
        <line num="30" type="stmt" count="0"/>
        <metrics loc="33" ncloc="33" classes="1" methods="1" coveredmethods="0" conditionals="0" coveredconditionals="0" statements="14" coveredstatements="0" elements="15" coveredelements="0"/>
      </file>
      <file name="/home/runner/work/blog/blog/app/Http/Controllers/Admin/MediaAdminController.php">
        <class name="App\Http\Controllers\Admin\MediaAdminController" namespace="App\Http\Controllers\Admin">
          <metrics complexity="5" methods="3" coveredmethods="2" conditionals="0" coveredconditionals="0" statements="13" coveredstatements="12" elements="16" coveredelements="14"/>
        </class>
        <line num="13" type="method" name="index" visibility="public" complexity="1" crap="1" count="1"/>
        <line num="15" type="stmt" count="1"/>
        <line num="16" type="stmt" count="1"/>
        <line num="18" type="stmt" count="1"/>
        <line num="21" type="method" name="store" visibility="public" complexity="2" crap="2" count="2"/>
        <line num="23" type="stmt" count="2"/>
        <line num="24" type="stmt" count="2"/>
        <line num="25" type="stmt" count="2"/>
        <line num="26" type="stmt" count="1"/>
        <line num="28" type="stmt" count="1"/>
        <line num="30" type="stmt" count="1"/>
        <line num="33" type="method" name="destroy" visibility="public" complexity="2" crap="2.06" count="1"/>
        <line num="35" type="stmt" count="1"/>
        <line num="36" type="stmt" count="0"/>
        <line num="39" type="stmt" count="1"/>
        <line num="41" type="stmt" count="1"/>
        <metrics loc="44" ncloc="44" classes="1" methods="3" coveredmethods="2" conditionals="0" coveredconditionals="0" statements="13" coveredstatements="12" elements="16" coveredelements="14"/>
      </file>
      <file name="/home/runner/work/blog/blog/app/Http/Controllers/Admin/PostAdminController.php">
        <class name="App\Http\Controllers\Admin\PostAdminController" namespace="App\Http\Controllers\Admin">
          <metrics complexity="8" methods="8" coveredmethods="7" conditionals="0" coveredconditionals="0" statements="24" coveredstatements="22" elements="32" coveredelements="29"/>
        </class>
        <line num="18" type="method" name="index" visibility="public" complexity="1" crap="1" count="1"/>
        <line num="20" type="stmt" count="1"/>
        <line num="21" type="stmt" count="1"/>
        <line num="22" type="stmt" count="1"/>
        <line num="23" type="stmt" count="1"/>
        <line num="24" type="stmt" count="1"/>
        <line num="25" type="stmt" count="1"/>
        <line num="26" type="stmt" count="1"/>
        <line num="28" type="stmt" count="1"/>
        <line num="31" type="method" name="create" visibility="public" complexity="1" crap="1" count="1"/>
        <line num="33" type="stmt" count="1"/>
        <line num="34" type="stmt" count="1"/>
        <line num="36" type="stmt" count="1"/>
        <line num="39" type="method" name="store" visibility="public" complexity="1" crap="1" count="2"/>
        <line num="41" type="stmt" count="2"/>
        <line num="43" type="stmt" count="2"/>
        <line num="46" type="method" name="edit" visibility="public" complexity="1" crap="1" count="1"/>
        <line num="48" type="stmt" count="1"/>
        <line num="49" type="stmt" count="1"/>
        <line num="51" type="stmt" count="1"/>
        <line num="54" type="method" name="update" visibility="public" complexity="1" crap="1" count="1"/>
        <line num="56" type="stmt" count="1"/>
        <line num="58" type="stmt" count="1"/>
        <line num="61" type="method" name="destroy" visibility="public" complexity="1" crap="1" count="1"/>
        <line num="63" type="stmt" count="1"/>
        <line num="65" type="stmt" count="1"/>
        <line num="68" type="method" name="uploadImage" visibility="public" complexity="1" crap="1" count="1"/>
        <line num="70" type="stmt" count="1"/>
        <line num="71" type="stmt" count="1"/>
        <line num="74" type="method" name="indexNow" visibility="public" complexity="1" crap="2" count="0"/>
        <line num="76" type="stmt" count="0"/>
        <line num="77" type="stmt" count="0"/>
        <metrics loc="80" ncloc="80" classes="1" methods="8" coveredmethods="7" conditionals="0" coveredconditionals="0" statements="24" coveredstatements="22" elements="32" coveredelements="29"/>
      </file>
      <file name="/home/runner/work/blog/blog/app/Http/Controllers/Admin/SettingsAdminController.php">
        <class name="App\Http\Controllers\Admin\SettingsAdminController" namespace="App\Http\Controllers\Admin">
          <metrics complexity="3" methods="3" coveredmethods="2" conditionals="0" coveredconditionals="0" statements="7" coveredstatements="5" elements="10" coveredelements="7"/>
        </class>
        <line num="14" type="method" name="index" visibility="public" complexity="1" crap="2" count="0"/>
        <line num="16" type="stmt" count="0"/>
        <line num="17" type="stmt" count="0"/>
        <line num="20" type="method" name="generateSitemap" visibility="public" complexity="1" crap="1" count="1"/>
        <line num="22" type="stmt" count="1"/>
        <line num="24" type="stmt" count="1"/>
        <line num="27" type="method" name="updateHeatmap" visibility="public" complexity="1" crap="1" count="1"/>
        <line num="29" type="stmt" count="1"/>
        <line num="30" type="stmt" count="1"/>
        <line num="32" type="stmt" count="1"/>
        <metrics loc="35" ncloc="35" classes="1" methods="3" coveredmethods="2" conditionals="0" coveredconditionals="0" statements="7" coveredstatements="5" elements="10" coveredelements="7"/>
      </file>
      <file name="/home/runner/work/blog/blog/app/Http/Controllers/Admin/TagAdminController.php">
        <class name="App\Http\Controllers\Admin\TagAdminController" namespace="App\Http\Controllers\Admin">
          <metrics complexity="8" methods="6" coveredmethods="6" conditionals="0" coveredconditionals="0" statements="23" coveredstatements="23" elements="29" coveredelements="29"/>
        </class>
        <line num="13" type="method" name="index" visibility="public" complexity="1" crap="1" count="1"/>
        <line num="15" type="stmt" count="1"/>
        <line num="16" type="stmt" count="1"/>
        <line num="17" type="stmt" count="1"/>
        <line num="18" type="stmt" count="1"/>
        <line num="19" type="stmt" count="1"/>
        <line num="20" type="stmt" count="1"/>
        <line num="22" type="stmt" count="1"/>
        <line num="25" type="method" name="create" visibility="public" complexity="1" crap="1" count="1"/>
        <line num="27" type="stmt" count="1"/>
        <line num="29" type="stmt" count="1"/>
        <line num="32" type="method" name="store" visibility="public" complexity="2" crap="2" count="1"/>
        <line num="34" type="stmt" count="1"/>
        <line num="35" type="stmt" count="1"/>
        <line num="36" type="stmt" count="1"/>
        <line num="37" type="stmt" count="1"/>
        <line num="39" type="stmt" count="1"/>
        <line num="42" type="method" name="edit" visibility="public" complexity="1" crap="1" count="1"/>
        <line num="44" type="stmt" count="1"/>
        <line num="46" type="stmt" count="1"/>
        <line num="49" type="method" name="update" visibility="public" complexity="2" crap="2" count="1"/>
        <line num="51" type="stmt" count="1"/>
        <line num="52" type="stmt" count="1"/>
        <line num="54" type="stmt" count="1"/>
        <line num="55" type="stmt" count="1"/>
        <line num="57" type="stmt" count="1"/>
        <line num="60" type="method" name="destroy" visibility="public" complexity="1" crap="1" count="1"/>
        <line num="62" type="stmt" count="1"/>
        <line num="64" type="stmt" count="1"/>
        <metrics loc="67" ncloc="67" classes="1" methods="6" coveredmethods="6" conditionals="0" coveredconditionals="0" statements="23" coveredstatements="23" elements="29" coveredelements="29"/>
      </file>
    </package>
    <package name="App\Http\Controllers\Auth">
      <file name="/home/runner/work/blog/blog/app/Http/Controllers/Auth/LoginController.php">
        <class name="App\Http\Controllers\Auth\LoginController" namespace="App\Http\Controllers\Auth">
          <metrics complexity="1" methods="1" coveredmethods="1" conditionals="0" coveredconditionals="0" statements="1" coveredstatements="1" elements="2" coveredelements="2"/>
        </class>
        <line num="36" type="method" name="__construct" visibility="public" complexity="1" crap="1" count="1"/>
        <line num="38" type="stmt" count="1"/>
        <metrics loc="41" ncloc="21" classes="1" methods="1" coveredmethods="1" conditionals="0" coveredconditionals="0" statements="1" coveredstatements="1" elements="2" coveredelements="2"/>
      </file>
    </package>
    <package name="App\Http">
      <file name="/home/runner/work/blog/blog/app/Http/Kernel.php">
        <class name="App\Http\Kernel" namespace="App\Http">
          <metrics complexity="0" methods="0" coveredmethods="0" conditionals="0" coveredconditionals="0" statements="0" coveredstatements="0" elements="0" coveredelements="0"/>
        </class>
        <metrics loc="69" ncloc="48" classes="0" methods="0" coveredmethods="0" conditionals="0" coveredconditionals="0" statements="0" coveredstatements="0" elements="0" coveredelements="0"/>
      </file>
    </package>
    <package name="App\Http\Middleware">
      <file name="/home/runner/work/blog/blog/app/Http/Middleware/Authenticate.php">
        <class name="App\Http\Middleware\Authenticate" namespace="App\Http\Middleware">
          <metrics complexity="2" methods="1" coveredmethods="1" conditionals="0" coveredconditionals="0" statements="1" coveredstatements="1" elements="2" coveredelements="2"/>
        </class>
        <line num="13" type="method" name="redirectTo" visibility="protected" complexity="2" crap="2" count="1"/>
        <line num="15" type="stmt" count="1"/>
        <metrics loc="18" ncloc="15" classes="1" methods="1" coveredmethods="1" conditionals="0" coveredconditionals="0" statements="1" coveredstatements="1" elements="2" coveredelements="2"/>
      </file>
      <file name="/home/runner/work/blog/blog/app/Http/Middleware/EncryptCookies.php">
        <class name="App\Http\Middleware\EncryptCookies" namespace="App\Http\Middleware">
          <metrics complexity="0" methods="0" coveredmethods="0" conditionals="0" coveredconditionals="0" statements="0" coveredstatements="0" elements="0" coveredelements="0"/>
        </class>
        <metrics loc="18" ncloc="13" classes="0" methods="0" coveredmethods="0" conditionals="0" coveredconditionals="0" statements="0" coveredstatements="0" elements="0" coveredelements="0"/>
      </file>
      <file name="/home/runner/work/blog/blog/app/Http/Middleware/PreventRequestsDuringMaintenance.php">
        <class name="App\Http\Middleware\PreventRequestsDuringMaintenance" namespace="App\Http\Middleware">
          <metrics complexity="0" methods="0" coveredmethods="0" conditionals="0" coveredconditionals="0" statements="0" coveredstatements="0" elements="0" coveredelements="0"/>
        </class>
        <metrics loc="18" ncloc="13" classes="0" methods="0" coveredmethods="0" conditionals="0" coveredconditionals="0" statements="0" coveredstatements="0" elements="0" coveredelements="0"/>
      </file>
      <file name="/home/runner/work/blog/blog/app/Http/Middleware/RedirectIfAuthenticated.php">
        <class name="App\Http\Middleware\RedirectIfAuthenticated" namespace="App\Http\Middleware">
          <metrics complexity="4" methods="1" coveredmethods="0" conditionals="0" coveredconditionals="0" statements="5" coveredstatements="4" elements="6" coveredelements="4"/>
        </class>
        <line num="18" type="method" name="handle" visibility="public" complexity="4" crap="4.13" count="1"/>
        <line num="20" type="stmt" count="1"/>
        <line num="22" type="stmt" count="1"/>
        <line num="23" type="stmt" count="1"/>
        <line num="24" type="stmt" count="1"/>
        <line num="28" type="stmt" count="0"/>
        <metrics loc="31" ncloc="26" classes="1" methods="1" coveredmethods="0" conditionals="0" coveredconditionals="0" statements="5" coveredstatements="4" elements="6" coveredelements="4"/>
      </file>
      <file name="/home/runner/work/blog/blog/app/Http/Middleware/TrimStrings.php">
        <class name="App\Http\Middleware\TrimStrings" namespace="App\Http\Middleware">
          <metrics complexity="0" methods="0" coveredmethods="0" conditionals="0" coveredconditionals="0" statements="0" coveredstatements="0" elements="0" coveredelements="0"/>
        </class>
        <metrics loc="20" ncloc="15" classes="0" methods="0" coveredmethods="0" conditionals="0" coveredconditionals="0" statements="0" coveredstatements="0" elements="0" coveredelements="0"/>
      </file>
      <file name="/home/runner/work/blog/blog/app/Http/Middleware/TrustHosts.php">
        <class name="App\Http\Middleware\TrustHosts" namespace="App\Http\Middleware">
          <metrics complexity="1" methods="1" coveredmethods="0" conditionals="0" coveredconditionals="0" statements="3" coveredstatements="0" elements="4" coveredelements="0"/>
        </class>
        <line num="14" type="method" name="hosts" visibility="public" complexity="1" crap="2" count="0"/>
        <line num="16" type="stmt" count="0"/>
        <line num="17" type="stmt" count="0"/>
        <line num="18" type="stmt" count="0"/>
        <metrics loc="21" ncloc="16" classes="1" methods="1" coveredmethods="0" conditionals="0" coveredconditionals="0" statements="3" coveredstatements="0" elements="4" coveredelements="0"/>
      </file>
      <file name="/home/runner/work/blog/blog/app/Http/Middleware/TrustProxies.php">
        <class name="App\Http\Middleware\TrustProxies" namespace="App\Http\Middleware">
          <metrics complexity="0" methods="0" coveredmethods="0" conditionals="0" coveredconditionals="0" statements="0" coveredstatements="0" elements="0" coveredelements="0"/>
        </class>
        <metrics loc="29" ncloc="19" classes="0" methods="0" coveredmethods="0" conditionals="0" coveredconditionals="0" statements="0" coveredstatements="0" elements="0" coveredelements="0"/>
      </file>
      <file name="/home/runner/work/blog/blog/app/Http/Middleware/ValidateSignature.php">
        <class name="App\Http\Middleware\ValidateSignature" namespace="App\Http\Middleware">
          <metrics complexity="0" methods="0" coveredmethods="0" conditionals="0" coveredconditionals="0" statements="0" coveredstatements="0" elements="0" coveredelements="0"/>
        </class>
        <metrics loc="23" ncloc="18" classes="0" methods="0" coveredmethods="0" conditionals="0" coveredconditionals="0" statements="0" coveredstatements="0" elements="0" coveredelements="0"/>
      </file>
      <file name="/home/runner/work/blog/blog/app/Http/Middleware/VerifyCsrfToken.php">
        <class name="App\Http\Middleware\VerifyCsrfToken" namespace="App\Http\Middleware">
          <metrics complexity="0" methods="0" coveredmethods="0" conditionals="0" coveredconditionals="0" statements="0" coveredstatements="0" elements="0" coveredelements="0"/>
        </class>
        <metrics loc="18" ncloc="13" classes="0" methods="0" coveredmethods="0" conditionals="0" coveredconditionals="0" statements="0" coveredstatements="0" elements="0" coveredelements="0"/>
      </file>
    </package>
    <package name="App\Http\Requests">
      <file name="/home/runner/work/blog/blog/app/Http/Requests/PostEditAdminRequest.php">
        <class name="App\Http\Requests\PostEditAdminRequest" namespace="App\Http\Requests">
          <metrics complexity="4" methods="2" coveredmethods="2" conditionals="0" coveredconditionals="0" statements="12" coveredstatements="12" elements="14" coveredelements="14"/>
        </class>
        <line num="9" type="method" name="authorize" visibility="public" complexity="1" crap="1" count="3"/>
        <line num="11" type="stmt" count="3"/>
        <line num="14" type="method" name="rules" visibility="public" complexity="3" crap="3" count="3"/>
        <line num="16" type="stmt" count="3"/>
        <line num="17" type="stmt" count="3"/>
        <line num="18" type="stmt" count="3"/>
        <line num="19" type="stmt" count="3"/>
        <line num="20" type="stmt" count="3"/>
        <line num="21" type="stmt" count="3"/>
        <line num="22" type="stmt" count="3"/>
        <line num="23" type="stmt" count="3"/>
        <line num="25" type="stmt" count="3"/>
        <line num="26" type="stmt" count="3"/>
        <line num="28" type="stmt" count="3"/>
        <metrics loc="31" ncloc="31" classes="1" methods="2" coveredmethods="2" conditionals="0" coveredconditionals="0" statements="12" coveredstatements="12" elements="14" coveredelements="14"/>
      </file>
      <file name="/home/runner/work/blog/blog/app/Http/Requests/StoreContactRequest.php">
        <class name="App\Http\Requests\StoreContactRequest" namespace="App\Http\Requests">
          <metrics complexity="2" methods="2" coveredmethods="2" conditionals="0" coveredconditionals="0" statements="6" coveredstatements="6" elements="8" coveredelements="8"/>
        </class>
        <line num="9" type="method" name="authorize" visibility="public" complexity="1" crap="1" count="2"/>
        <line num="11" type="stmt" count="2"/>
        <line num="14" type="method" name="rules" visibility="public" complexity="1" crap="1" count="2"/>
        <line num="16" type="stmt" count="2"/>
        <line num="17" type="stmt" count="2"/>
        <line num="18" type="stmt" count="2"/>
        <line num="19" type="stmt" count="2"/>
        <line num="20" type="stmt" count="2"/>
        <metrics loc="23" ncloc="23" classes="1" methods="2" coveredmethods="2" conditionals="0" coveredconditionals="0" statements="6" coveredstatements="6" elements="8" coveredelements="8"/>
      </file>
      <file name="/home/runner/work/blog/blog/app/Http/Requests/UploadPostImageRequest.php">
        <class name="App\Http\Requests\UploadPostImageRequest" namespace="App\Http\Requests">
          <metrics complexity="2" methods="2" coveredmethods="2" conditionals="0" coveredconditionals="0" statements="4" coveredstatements="4" elements="6" coveredelements="6"/>
        </class>
        <line num="9" type="method" name="authorize" visibility="public" complexity="1" crap="1" count="1"/>
        <line num="11" type="stmt" count="1"/>
        <line num="14" type="method" name="rules" visibility="public" complexity="1" crap="1" count="1"/>
        <line num="16" type="stmt" count="1"/>
        <line num="17" type="stmt" count="1"/>
        <line num="18" type="stmt" count="1"/>
        <metrics loc="21" ncloc="21" classes="1" methods="2" coveredmethods="2" conditionals="0" coveredconditionals="0" statements="4" coveredstatements="4" elements="6" coveredelements="6"/>
      </file>
    </package>
    <package name="App\Models">
      <file name="/home/runner/work/blog/blog/app/Models/Config.php">
        <class name="App\Models\Config" namespace="App\Models">
          <metrics complexity="7" methods="1" coveredmethods="0" conditionals="0" coveredconditionals="0" statements="20" coveredstatements="15" elements="21" coveredelements="15"/>
        </class>
        <line num="39" type="method" name="value" visibility="public" complexity="7" crap="7.77" count="2"/>
        <line num="41" type="stmt" count="2"/>
        <line num="42" type="stmt" count="2"/>
        <line num="43" type="stmt" count="2"/>
        <line num="44" type="stmt" count="0"/>
        <line num="45" type="stmt" count="2"/>
        <line num="46" type="stmt" count="0"/>
        <line num="47" type="stmt" count="2"/>
        <line num="48" type="stmt" count="0"/>
        <line num="49" type="stmt" count="2"/>
        <line num="50" type="stmt" count="2"/>
        <line num="53" type="stmt" count="0"/>
        <line num="54" type="stmt" count="2"/>
        <line num="55" type="stmt" count="2"/>
        <line num="56" type="stmt" count="2"/>
        <line num="57" type="stmt" count="2"/>
        <line num="58" type="stmt" count="1"/>
        <line num="59" type="stmt" count="0"/>
        <line num="62" type="stmt" count="1"/>
        <line num="63" type="stmt" count="2"/>
        <line num="64" type="stmt" count="2"/>
        <metrics loc="67" ncloc="45" classes="1" methods="1" coveredmethods="0" conditionals="0" coveredconditionals="0" statements="20" coveredstatements="15" elements="21" coveredelements="15"/>
      </file>
      <file name="/home/runner/work/blog/blog/app/Models/ContactRequest.php">
        <class name="App\Models\ContactRequest" namespace="App\Models">
          <metrics complexity="0" methods="0" coveredmethods="0" conditionals="0" coveredconditionals="0" statements="0" coveredstatements="0" elements="0" coveredelements="0"/>
        </class>
        <metrics loc="45" ncloc="22" classes="0" methods="0" coveredmethods="0" conditionals="0" coveredconditionals="0" statements="0" coveredstatements="0" elements="0" coveredelements="0"/>
      </file>
      <file name="/home/runner/work/blog/blog/app/Models/OauthToken.php">
        <class name="App\Models\OauthToken" namespace="App\Models">
          <metrics complexity="0" methods="0" coveredmethods="0" conditionals="0" coveredconditionals="0" statements="0" coveredstatements="0" elements="0" coveredelements="0"/>
        </class>
        <metrics loc="11" ncloc="11" classes="0" methods="0" coveredmethods="0" conditionals="0" coveredconditionals="0" statements="0" coveredstatements="0" elements="0" coveredelements="0"/>
      </file>
      <file name="/home/runner/work/blog/blog/app/Models/Post.php">
        <class name="App\Models\Post" namespace="App\Models">
          <metrics complexity="14" methods="9" coveredmethods="8" conditionals="0" coveredconditionals="0" statements="44" coveredstatements="43" elements="53" coveredelements="51"/>
        </class>
        <line num="61" type="method" name="publishedAt" visibility="protected" complexity="2" crap="2" count="6"/>
        <line num="63" type="stmt" count="6"/>
        <line num="64" type="stmt" count="6"/>
        <line num="65" type="stmt" count="6"/>
        <line num="68" type="method" name="publishedAtFormatted" visibility="public" complexity="2" crap="2" count="3"/>
        <line num="70" type="stmt" count="3"/>
        <line num="71" type="stmt" count="3"/>
        <line num="72" type="stmt" count="3"/>
        <line num="75" type="method" name="previous" visibility="public" complexity="1" crap="1" count="2"/>
        <line num="77" type="stmt" count="2"/>
        <line num="78" type="stmt" count="2"/>
        <line num="79" type="stmt" count="2"/>
        <line num="80" type="stmt" count="2"/>
        <line num="81" type="stmt" count="2"/>
        <line num="82" type="stmt" count="2"/>
        <line num="85" type="method" name="next" visibility="public" complexity="1" crap="1" count="2"/>
        <line num="87" type="stmt" count="2"/>
        <line num="88" type="stmt" count="2"/>
        <line num="89" type="stmt" count="2"/>
        <line num="90" type="stmt" count="2"/>
        <line num="91" type="stmt" count="2"/>
        <line num="92" type="stmt" count="2"/>
        <line num="95" type="method" name="imagePath" visibility="public" complexity="3" crap="3" count="3"/>
        <line num="97" type="stmt" count="3"/>
        <line num="98" type="stmt" count="3"/>
        <line num="99" type="stmt" count="2"/>
        <line num="100" type="stmt" count="1"/>
        <line num="102" type="stmt" count="1"/>
        <line num="103" type="stmt" count="3"/>
        <line num="104" type="stmt" count="3"/>
        <line num="107" type="method" name="imageUrl" visibility="public" complexity="2" crap="2.01" count="2"/>
        <line num="109" type="stmt" count="2"/>
        <line num="110" type="stmt" count="2"/>
        <line num="111" type="stmt" count="1"/>
        <line num="112" type="stmt" count="0"/>
        <line num="114" type="stmt" count="1"/>
        <line num="115" type="stmt" count="2"/>
        <line num="116" type="stmt" count="2"/>
        <line num="119" type="method" name="related" visibility="public" complexity="1" crap="1" count="2"/>
        <line num="121" type="stmt" count="2"/>
        <line num="122" type="stmt" count="2"/>
        <line num="123" type="stmt" count="1"/>
        <line num="124" type="stmt" count="2"/>
        <line num="125" type="stmt" count="2"/>
        <line num="126" type="stmt" count="2"/>
        <line num="127" type="stmt" count="2"/>
        <line num="128" type="stmt" count="2"/>
        <line num="129" type="stmt" count="2"/>
        <line num="130" type="stmt" count="2"/>
        <line num="133" type="method" name="tags" visibility="public" complexity="1" crap="1" count="9"/>
        <line num="135" type="stmt" count="9"/>
        <line num="138" type="method" name="scopePublished" visibility="public" complexity="1" crap="1" count="5"/>
        <line num="140" type="stmt" count="5"/>
        <metrics loc="143" ncloc="105" classes="1" methods="9" coveredmethods="8" conditionals="0" coveredconditionals="0" statements="44" coveredstatements="43" elements="53" coveredelements="51"/>
      </file>
      <file name="/home/runner/work/blog/blog/app/Models/Tag.php">
        <class name="App\Models\Tag" namespace="App\Models">
          <metrics complexity="4" methods="4" coveredmethods="3" conditionals="0" coveredconditionals="0" statements="4" coveredstatements="3" elements="8" coveredelements="6"/>
        </class>
        <line num="49" type="method" name="posts" visibility="public" complexity="1" crap="1" count="2"/>
        <line num="51" type="stmt" count="2"/>
        <line num="54" type="method" name="publishedPosts" visibility="public" complexity="1" crap="1" count="2"/>
        <line num="56" type="stmt" count="2"/>
        <line num="59" type="method" name="subTags" visibility="public" complexity="1" crap="1" count="3"/>
        <line num="61" type="stmt" count="3"/>
        <line num="64" type="method" name="mainTags" visibility="public" complexity="1" crap="2" count="0"/>
        <line num="66" type="stmt" count="0"/>
        <metrics loc="69" ncloc="39" classes="1" methods="4" coveredmethods="3" conditionals="0" coveredconditionals="0" statements="4" coveredstatements="3" elements="8" coveredelements="6"/>
      </file>
      <file name="/home/runner/work/blog/blog/app/Models/User.php">
        <class name="App\Models\User" namespace="App\Models">
          <metrics complexity="0" methods="0" coveredmethods="0" conditionals="0" coveredconditionals="0" statements="0" coveredstatements="0" elements="0" coveredelements="0"/>
        </class>
        <metrics loc="77" ncloc="30" classes="0" methods="0" coveredmethods="0" conditionals="0" coveredconditionals="0" statements="0" coveredstatements="0" elements="0" coveredelements="0"/>
      </file>
    </package>
    <package name="App\Providers">
      <file name="/home/runner/work/blog/blog/app/Providers/AppServiceProvider.php">
        <class name="App\Providers\AppServiceProvider" namespace="App\Providers">
          <metrics complexity="2" methods="2" coveredmethods="1" conditionals="0" coveredconditionals="0" statements="4" coveredstatements="3" elements="6" coveredelements="4"/>
        </class>
        <line num="11" type="method" name="register" visibility="public" complexity="1" crap="1" count="42"/>
        <line num="14" type="stmt" count="42"/>
        <line num="16" type="method" name="boot" visibility="public" complexity="1" crap="1.04" count="42"/>
        <line num="18" type="stmt" count="42"/>
        <line num="19" type="stmt" count="0"/>
        <line num="20" type="stmt" count="42"/>
        <metrics loc="23" ncloc="22" classes="1" methods="2" coveredmethods="1" conditionals="0" coveredconditionals="0" statements="4" coveredstatements="3" elements="6" coveredelements="4"/>
      </file>
      <file name="/home/runner/work/blog/blog/app/Providers/AuthServiceProvider.php">
        <class name="App\Providers\AuthServiceProvider" namespace="App\Providers">
          <metrics complexity="1" methods="1" coveredmethods="1" conditionals="0" coveredconditionals="0" statements="1" coveredstatements="1" elements="2" coveredelements="2"/>
        </class>
        <line num="22" type="method" name="boot" visibility="public" complexity="1" crap="1" count="42"/>
        <line num="25" type="stmt" count="42"/>
        <metrics loc="27" ncloc="17" classes="1" methods="1" coveredmethods="1" conditionals="0" coveredconditionals="0" statements="1" coveredstatements="1" elements="2" coveredelements="2"/>
      </file>
      <file name="/home/runner/work/blog/blog/app/Providers/BroadcastServiceProvider.php">
        <class name="App\Providers\BroadcastServiceProvider" namespace="App\Providers">
          <metrics complexity="1" methods="1" coveredmethods="0" conditionals="0" coveredconditionals="0" statements="1" coveredstatements="0" elements="2" coveredelements="0"/>
        </class>
        <line num="10" type="method" name="boot" visibility="public" complexity="1" crap="2" count="0"/>
        <line num="15" type="stmt" count="0"/>
        <metrics loc="17" ncloc="14" classes="1" methods="1" coveredmethods="0" conditionals="0" coveredconditionals="0" statements="1" coveredstatements="0" elements="2" coveredelements="0"/>
      </file>
      <file name="/home/runner/work/blog/blog/app/Providers/EventServiceProvider.php">
        <class name="App\Providers\EventServiceProvider" namespace="App\Providers">
          <metrics complexity="2" methods="2" coveredmethods="2" conditionals="0" coveredconditionals="0" statements="2" coveredstatements="2" elements="4" coveredelements="4"/>
        </class>
        <line num="26" type="method" name="boot" visibility="public" complexity="1" crap="1" count="42"/>
        <line num="29" type="stmt" count="42"/>
        <line num="34" type="method" name="shouldDiscoverEvents" visibility="public" complexity="1" crap="1" count="42"/>
        <line num="36" type="stmt" count="42"/>
        <metrics loc="39" ncloc="27" classes="1" methods="2" coveredmethods="2" conditionals="0" coveredconditionals="0" statements="2" coveredstatements="2" elements="4" coveredelements="4"/>
      </file>
      <file name="/home/runner/work/blog/blog/app/Providers/RouteServiceProvider.php">
        <class name="App\Providers\RouteServiceProvider" namespace="App\Providers">
          <metrics complexity="2" methods="1" coveredmethods="0" conditionals="0" coveredconditionals="0" statements="10" coveredstatements="9" elements="11" coveredelements="9"/>
        </class>
        <line num="25" type="method" name="boot" visibility="public" complexity="2" crap="2.00" count="42"/>
        <line num="27" type="stmt" count="42"/>
        <line num="28" type="stmt" count="0"/>
        <line num="29" type="stmt" count="42"/>
        <line num="31" type="stmt" count="42"/>
        <line num="32" type="stmt" count="42"/>
        <line num="33" type="stmt" count="42"/>
        <line num="34" type="stmt" count="42"/>
        <line num="36" type="stmt" count="42"/>
        <line num="37" type="stmt" count="42"/>
        <line num="38" type="stmt" count="42"/>
        <metrics loc="41" ncloc="31" classes="1" methods="1" coveredmethods="0" conditionals="0" coveredconditionals="0" statements="10" coveredstatements="9" elements="11" coveredelements="9"/>
      </file>
      <file name="/home/runner/work/blog/blog/app/Providers/ViewServiceProvider.php">
        <class name="App\Providers\ViewServiceProvider" namespace="App\Providers">
          <metrics complexity="2" methods="2" coveredmethods="2" conditionals="0" coveredconditionals="0" statements="8" coveredstatements="8" elements="10" coveredelements="10"/>
        </class>
        <line num="11" type="method" name="register" visibility="public" complexity="1" crap="1" count="42"/>
        <line num="14" type="stmt" count="42"/>
        <line num="16" type="method" name="boot" visibility="public" complexity="1" crap="1" count="42"/>
        <line num="18" type="stmt" count="42"/>
        <line num="19" type="stmt" count="2"/>
        <line num="20" type="stmt" count="2"/>
        <line num="21" type="stmt" count="2"/>
        <line num="22" type="stmt" count="2"/>
        <line num="23" type="stmt" count="2"/>
        <line num="24" type="stmt" count="42"/>
        <metrics loc="27" ncloc="26" classes="1" methods="2" coveredmethods="2" conditionals="0" coveredconditionals="0" statements="8" coveredstatements="8" elements="10" coveredelements="10"/>
      </file>
    </package>
    <package name="App\Services">
      <file name="/home/runner/work/blog/blog/app/Services/CaptchaService.php">
        <class name="App\Services\CaptchaService" namespace="App\Services">
          <metrics complexity="3" methods="2" coveredmethods="1" conditionals="0" coveredconditionals="0" statements="14" coveredstatements="13" elements="16" coveredelements="14"/>
        </class>
        <line num="11" type="method" name="verifyRequest" visibility="public" complexity="2" crap="2" count="1"/>
        <line num="13" type="stmt" count="1"/>
        <line num="14" type="stmt" count="1"/>
        <line num="15" type="stmt" count="1"/>
        <line num="16" type="stmt" count="1"/>
        <line num="17" type="stmt" count="1"/>
        <line num="18" type="stmt" count="1"/>
        <line num="19" type="stmt" count="1"/>
        <line num="21" type="stmt" count="1"/>
        <line num="22" type="stmt" count="1"/>
        <line num="23" type="stmt" count="1"/>
        <line num="24" type="stmt" count="1"/>
        <line num="26" type="stmt" count="1"/>
        <line num="27" type="stmt" count="1"/>
        <line num="30" type="method" name="getScore" visibility="public" complexity="1" crap="2" count="0"/>
        <line num="32" type="stmt" count="0"/>
        <metrics loc="35" ncloc="35" classes="1" methods="2" coveredmethods="1" conditionals="0" coveredconditionals="0" statements="14" coveredstatements="13" elements="16" coveredelements="14"/>
      </file>
      <file name="/home/runner/work/blog/blog/app/Services/GoogleAPIService.php">
        <class name="App\Services\GoogleAPIService" namespace="App\Services">
          <metrics complexity="8" methods="7" coveredmethods="0" conditionals="0" coveredconditionals="0" statements="33" coveredstatements="0" elements="40" coveredelements="0"/>
        </class>
        <line num="20" type="method" name="__construct" visibility="public" complexity="2" crap="6" count="0"/>
        <line num="22" type="stmt" count="0"/>
        <line num="23" type="stmt" count="0"/>
        <line num="24" type="stmt" count="0"/>
        <line num="25" type="stmt" count="0"/>
        <line num="26" type="stmt" count="0"/>
        <line num="27" type="stmt" count="0"/>
        <line num="28" type="stmt" count="0"/>
        <line num="29" type="stmt" count="0"/>
        <line num="30" type="stmt" count="0"/>
        <line num="31" type="stmt" count="0"/>
        <line num="33" type="stmt" count="0"/>
        <line num="34" type="stmt" count="0"/>
        <line num="35" type="stmt" count="0"/>
        <line num="36" type="stmt" count="0"/>
        <line num="40" type="method" name="getAuthUrl" visibility="public" complexity="1" crap="2" count="0"/>
        <line num="42" type="stmt" count="0"/>
        <line num="45" type="method" name="isAccessTokenExpired" visibility="public" complexity="1" crap="2" count="0"/>
        <line num="47" type="stmt" count="0"/>
        <line num="50" type="method" name="getAccessToken" visibility="public" complexity="1" crap="2" count="0"/>
        <line num="52" type="stmt" count="0"/>
        <line num="55" type="method" name="adSenseReport" visibility="public" complexity="1" crap="2" count="0"/>
        <line num="57" type="stmt" count="0"/>
        <line num="58" type="stmt" count="0"/>
        <line num="59" type="stmt" count="0"/>
        <line num="60" type="stmt" count="0"/>
        <line num="61" type="stmt" count="0"/>
        <line num="62" type="stmt" count="0"/>
        <line num="65" type="method" name="getPageIndexStatus" visibility="public" complexity="1" crap="2" count="0"/>
        <line num="67" type="stmt" count="0"/>
        <line num="68" type="stmt" count="0"/>
        <line num="69" type="stmt" count="0"/>
        <line num="70" type="stmt" count="0"/>
        <line num="71" type="stmt" count="0"/>
        <line num="74" type="method" name="indexNow" visibility="public" complexity="1" crap="2" count="0"/>
        <line num="76" type="stmt" count="0"/>
        <line num="77" type="stmt" count="0"/>
        <line num="78" type="stmt" count="0"/>
        <line num="79" type="stmt" count="0"/>
        <line num="80" type="stmt" count="0"/>
        <metrics loc="82" ncloc="82" classes="1" methods="7" coveredmethods="0" conditionals="0" coveredconditionals="0" statements="33" coveredstatements="0" elements="40" coveredelements="0"/>
      </file>
      <file name="/home/runner/work/blog/blog/app/Services/PostsService.php">
        <class name="App\Services\PostsService" namespace="App\Services">
          <metrics complexity="8" methods="4" coveredmethods="4" conditionals="0" coveredconditionals="0" statements="17" coveredstatements="17" elements="21" coveredelements="21"/>
        </class>
        <line num="11" type="method" name="create" visibility="public" complexity="1" crap="1" count="2"/>
        <line num="13" type="stmt" count="2"/>
        <line num="15" type="stmt" count="2"/>
        <line num="18" type="method" name="update" visibility="public" complexity="1" crap="1" count="1"/>
        <line num="20" type="stmt" count="1"/>
        <line num="23" type="method" name="save" visibility="public" complexity="5" crap="5" count="3"/>
        <line num="25" type="stmt" count="3"/>
        <line num="26" type="stmt" count="3"/>
        <line num="27" type="stmt" count="3"/>
        <line num="28" type="stmt" count="3"/>
        <line num="29" type="stmt" count="3"/>
        <line num="30" type="stmt" count="3"/>
        <line num="31" type="stmt" count="1"/>
        <line num="32" type="stmt" count="1"/>
        <line num="33" type="stmt" count="1"/>
        <line num="35" type="stmt" count="3"/>
        <line num="38" type="method" name="uploadPhoto" visibility="public" complexity="1" crap="1" count="1"/>
        <line num="40" type="stmt" count="1"/>
        <line num="41" type="stmt" count="1"/>
        <line num="42" type="stmt" count="1"/>
        <line num="43" type="stmt" count="1"/>
        <metrics loc="46" ncloc="46" classes="1" methods="4" coveredmethods="4" conditionals="0" coveredconditionals="0" statements="17" coveredstatements="17" elements="21" coveredelements="21"/>
      </file>
      <file name="/home/runner/work/blog/blog/app/Services/SitemapService.php">
        <class name="App\Services\SitemapService" namespace="App\Services">
          <metrics complexity="3" methods="1" coveredmethods="1" conditionals="0" coveredconditionals="0" statements="6" coveredstatements="6" elements="7" coveredelements="7"/>
        </class>
        <line num="10" type="method" name="generateSitemap" visibility="public" complexity="3" crap="3" count="1"/>
        <line num="12" type="stmt" count="1"/>
        <line num="13" type="stmt" count="1"/>
        <line num="14" type="stmt" count="1"/>
        <line num="16" type="stmt" count="1"/>
        <line num="17" type="stmt" count="1"/>
        <line num="18" type="stmt" count="1"/>
        <metrics loc="21" ncloc="21" classes="1" methods="1" coveredmethods="1" conditionals="0" coveredconditionals="0" statements="6" coveredstatements="6" elements="7" coveredelements="7"/>
      </file>
    </package>
    <package name="App\View\Components">
      <file name="/home/runner/work/blog/blog/app/View/Components/AdSenseReport.php">
        <class name="App\View\Components\AdSenseReport" namespace="App\View\Components">
          <metrics complexity="1" methods="1" coveredmethods="1" conditionals="0" coveredconditionals="0" statements="9" coveredstatements="9" elements="10" coveredelements="10"/>
        </class>
        <line num="15" type="method" name="render" visibility="public" complexity="1" crap="1" count="1"/>
        <line num="17" type="stmt" count="1"/>
        <line num="18" type="stmt" count="1"/>
        <line num="19" type="stmt" count="1"/>
        <line num="20" type="stmt" count="1"/>
        <line num="21" type="stmt" count="1"/>
        <line num="22" type="stmt" count="1"/>
        <line num="23" type="stmt" count="1"/>
        <line num="24" type="stmt" count="1"/>
        <line num="25" type="stmt" count="1"/>
        <metrics loc="28" ncloc="28" classes="1" methods="1" coveredmethods="1" conditionals="0" coveredconditionals="0" statements="9" coveredstatements="9" elements="10" coveredelements="10"/>
      </file>
      <file name="/home/runner/work/blog/blog/app/View/Components/AdminPageHeader.php">
        <class name="App\View\Components\AdminPageHeader" namespace="App\View\Components">
          <metrics complexity="1" methods="1" coveredmethods="1" conditionals="0" coveredconditionals="0" statements="1" coveredstatements="1" elements="2" coveredelements="2"/>
        </class>
        <line num="11" type="method" name="render" visibility="public" complexity="1" crap="1" count="4"/>
        <line num="13" type="stmt" count="4"/>
        <metrics loc="16" ncloc="16" classes="1" methods="1" coveredmethods="1" conditionals="0" coveredconditionals="0" statements="1" coveredstatements="1" elements="2" coveredelements="2"/>
      </file>
      <file name="/home/runner/work/blog/blog/app/View/Components/AdminSidebar.php">
        <class name="App\View\Components\AdminSidebar" namespace="App\View\Components">
          <metrics complexity="2" methods="2" coveredmethods="2" conditionals="0" coveredconditionals="0" statements="33" coveredstatements="33" elements="35" coveredelements="35"/>
        </class>
        <line num="13" type="method" name="__construct" visibility="public" complexity="1" crap="1" count="9"/>
        <line num="15" type="stmt" count="9"/>
        <line num="16" type="stmt" count="9"/>
        <line num="17" type="stmt" count="9"/>
        <line num="18" type="stmt" count="9"/>
        <line num="19" type="stmt" count="9"/>
        <line num="20" type="stmt" count="9"/>
        <line num="21" type="stmt" count="9"/>
        <line num="22" type="stmt" count="9"/>
        <line num="23" type="stmt" count="9"/>
        <line num="24" type="stmt" count="9"/>
        <line num="25" type="stmt" count="9"/>
        <line num="26" type="stmt" count="9"/>
        <line num="27" type="stmt" count="9"/>
        <line num="28" type="stmt" count="9"/>
        <line num="29" type="stmt" count="9"/>
        <line num="30" type="stmt" count="9"/>
        <line num="31" type="stmt" count="9"/>
        <line num="32" type="stmt" count="9"/>
        <line num="33" type="stmt" count="9"/>
        <line num="34" type="stmt" count="9"/>
        <line num="35" type="stmt" count="9"/>
        <line num="36" type="stmt" count="9"/>
        <line num="37" type="stmt" count="9"/>
        <line num="38" type="stmt" count="9"/>
        <line num="39" type="stmt" count="9"/>
        <line num="40" type="stmt" count="9"/>
        <line num="41" type="stmt" count="9"/>
        <line num="42" type="stmt" count="9"/>
        <line num="43" type="stmt" count="9"/>
        <line num="44" type="stmt" count="9"/>
        <line num="45" type="stmt" count="9"/>
        <line num="46" type="stmt" count="9"/>
        <line num="49" type="method" name="render" visibility="public" complexity="1" crap="1" count="9"/>
        <line num="51" type="stmt" count="9"/>
        <metrics loc="54" ncloc="54" classes="1" methods="2" coveredmethods="2" conditionals="0" coveredconditionals="0" statements="33" coveredstatements="33" elements="35" coveredelements="35"/>
      </file>
      <file name="/home/runner/work/blog/blog/app/View/Components/AdminTableHeader.php">
        <class name="App\View\Components\AdminTableHeader" namespace="App\View\Components">
          <metrics complexity="6" methods="3" coveredmethods="2" conditionals="0" coveredconditionals="0" statements="8" coveredstatements="7" elements="11" coveredelements="9"/>
        </class>
        <line num="11" type="method" name="__construct" visibility="public" complexity="3" crap="3.04" count="4"/>
        <line num="17" type="stmt" count="4"/>
        <line num="18" type="stmt" count="4"/>
        <line num="20" type="stmt" count="4"/>
        <line num="23" type="stmt" count="4"/>
        <line num="24" type="stmt" count="0"/>
        <line num="26" type="stmt" count="4"/>
        <line num="30" type="method" name="isSorted" visibility="public" complexity="2" crap="2" count="4"/>
        <line num="32" type="stmt" count="4"/>
        <line num="35" type="method" name="render" visibility="public" complexity="1" crap="1" count="4"/>
        <line num="37" type="stmt" count="4"/>
        <metrics loc="40" ncloc="40" classes="1" methods="3" coveredmethods="2" conditionals="0" coveredconditionals="0" statements="8" coveredstatements="7" elements="11" coveredelements="9"/>
      </file>
      <file name="/home/runner/work/blog/blog/app/View/Components/ExperienceHeatmap.php">
        <class name="App\View\Components\ExperienceHeatmap" namespace="App\View\Components">
          <metrics complexity="17" methods="4" coveredmethods="3" conditionals="0" coveredconditionals="0" statements="24" coveredstatements="23" elements="28" coveredelements="26"/>
        </class>
        <line num="23" type="method" name="__construct" visibility="public" complexity="4" crap="4" count="2"/>
        <line num="25" type="stmt" count="2"/>
        <line num="26" type="stmt" count="2"/>
        <line num="27" type="stmt" count="2"/>
        <line num="28" type="stmt" count="2"/>
        <line num="29" type="stmt" count="2"/>
        <line num="32" type="method" name="render" visibility="public" complexity="1" crap="1" count="2"/>
        <line num="34" type="stmt" count="2"/>
        <line num="37" type="method" name="tooltipText" visibility="public" complexity="9" crap="9" count="1"/>
        <line num="39" type="stmt" count="1"/>
        <line num="40" type="stmt" count="1"/>
        <line num="41" type="stmt" count="1"/>
        <line num="42" type="stmt" count="1"/>
        <line num="43" type="stmt" count="1"/>
        <line num="44" type="stmt" count="1"/>
        <line num="45" type="stmt" count="1"/>
        <line num="46" type="stmt" count="1"/>
        <line num="47" type="stmt" count="1"/>
        <line num="48" type="stmt" count="1"/>
        <line num="49" type="stmt" count="1"/>
        <line num="50" type="stmt" count="1"/>
        <line num="51" type="stmt" count="1"/>
        <line num="54" type="method" name="tooltipPosition" visibility="public" complexity="3" crap="3.07" count="1"/>
        <line num="56" type="stmt" count="1"/>
        <line num="57" type="stmt" count="1"/>
        <line num="58" type="stmt" count="1"/>
        <line num="59" type="stmt" count="1"/>
        <line num="61" type="stmt" count="0"/>
        <metrics loc="65" ncloc="65" classes="1" methods="4" coveredmethods="3" conditionals="0" coveredconditionals="0" statements="24" coveredstatements="23" elements="28" coveredelements="26"/>
      </file>
      <file name="/home/runner/work/blog/blog/app/View/Components/MainHeader.php">
        <class name="App\View\Components\MainHeader" namespace="App\View\Components">
          <metrics complexity="2" methods="2" coveredmethods="2" conditionals="0" coveredconditionals="0" statements="18" coveredstatements="18" elements="20" coveredelements="20"/>
        </class>
        <line num="13" type="method" name="__construct" visibility="public" complexity="1" crap="1" count="8"/>
        <line num="15" type="stmt" count="8"/>
        <line num="16" type="stmt" count="8"/>
        <line num="17" type="stmt" count="8"/>
        <line num="18" type="stmt" count="8"/>
        <line num="19" type="stmt" count="8"/>
        <line num="20" type="stmt" count="8"/>
        <line num="21" type="stmt" count="8"/>
        <line num="22" type="stmt" count="8"/>
        <line num="23" type="stmt" count="8"/>
        <line num="24" type="stmt" count="8"/>
        <line num="25" type="stmt" count="8"/>
        <line num="26" type="stmt" count="8"/>
        <line num="27" type="stmt" count="8"/>
        <line num="28" type="stmt" count="8"/>
        <line num="29" type="stmt" count="8"/>
        <line num="30" type="stmt" count="8"/>
        <line num="31" type="stmt" count="8"/>
        <line num="34" type="method" name="render" visibility="public" complexity="1" crap="1" count="8"/>
        <line num="36" type="stmt" count="8"/>
        <metrics loc="39" ncloc="39" classes="1" methods="2" coveredmethods="2" conditionals="0" coveredconditionals="0" statements="18" coveredstatements="18" elements="20" coveredelements="20"/>
      </file>
      <file name="/home/runner/work/blog/blog/app/View/Components/Notification.php">
        <class name="App\View\Components\Notification" namespace="App\View\Components">
          <metrics complexity="6" methods="2" coveredmethods="1" conditionals="0" coveredconditionals="0" statements="18" coveredstatements="6" elements="20" coveredelements="7"/>
        </class>
        <line num="15" type="method" name="__construct" visibility="public" complexity="5" crap="13.79" count="17"/>
        <line num="17" type="stmt" count="17"/>
        <line num="18" type="stmt" count="17"/>
        <line num="19" type="stmt" count="17"/>
        <line num="20" type="stmt" count="0"/>
        <line num="21" type="stmt" count="0"/>
        <line num="22" type="stmt" count="0"/>
        <line num="23" type="stmt" count="0"/>
        <line num="24" type="stmt" count="0"/>
        <line num="25" type="stmt" count="0"/>
        <line num="26" type="stmt" count="0"/>
        <line num="30" type="stmt" count="17"/>
        <line num="31" type="stmt" count="17"/>
        <line num="32" type="stmt" count="0"/>
        <line num="33" type="stmt" count="0"/>
        <line num="34" type="stmt" count="0"/>
        <line num="35" type="stmt" count="0"/>
        <line num="36" type="stmt" count="0"/>
        <line num="40" type="method" name="render" visibility="public" complexity="1" crap="1" count="17"/>
        <line num="42" type="stmt" count="17"/>
        <metrics loc="45" ncloc="45" classes="1" methods="2" coveredmethods="1" conditionals="0" coveredconditionals="0" statements="18" coveredstatements="6" elements="20" coveredelements="7"/>
      </file>
      <file name="/home/runner/work/blog/blog/app/View/Components/SlugInput.php">
        <class name="App\View\Components\SlugInput" namespace="App\View\Components">
          <metrics complexity="2" methods="2" coveredmethods="2" conditionals="0" coveredconditionals="0" statements="2" coveredstatements="2" elements="4" coveredelements="4"/>
        </class>
        <line num="11" type="method" name="__construct" visibility="public" complexity="1" crap="1" count="4"/>
        <line num="14" type="stmt" count="4"/>
        <line num="16" type="method" name="render" visibility="public" complexity="1" crap="1" count="4"/>
        <line num="18" type="stmt" count="4"/>
        <metrics loc="21" ncloc="21" classes="1" methods="2" coveredmethods="2" conditionals="0" coveredconditionals="0" statements="2" coveredstatements="2" elements="4" coveredelements="4"/>
      </file>
      <file name="/home/runner/work/blog/blog/app/View/Components/TagSelect.php">
        <class name="App\View\Components\TagSelect" namespace="App\View\Components">
          <metrics complexity="2" methods="2" coveredmethods="2" conditionals="0" coveredconditionals="0" statements="3" coveredstatements="3" elements="5" coveredelements="5"/>
        </class>
        <line num="13" type="method" name="__construct" visibility="public" complexity="1" crap="1" count="4"/>
        <line num="18" type="stmt" count="4"/>
        <line num="20" type="method" name="render" visibility="public" complexity="1" crap="1" count="4"/>
        <line num="22" type="stmt" count="4"/>
        <line num="24" type="stmt" count="4"/>
        <metrics loc="27" ncloc="27" classes="1" methods="2" coveredmethods="2" conditionals="0" coveredconditionals="0" statements="3" coveredstatements="3" elements="5" coveredelements="5"/>
      </file>
      <file name="/home/runner/work/blog/blog/app/View/Components/ThemeSwitch.php">
        <class name="App\View\Components\ThemeSwitch" namespace="App\View\Components">
          <metrics complexity="1" methods="1" coveredmethods="1" conditionals="0" coveredconditionals="0" statements="1" coveredstatements="1" elements="2" coveredelements="2"/>
        </class>
        <line num="38" type="method" name="render" visibility="public" complexity="1" crap="1" count="8"/>
        <line num="40" type="stmt" count="8"/>
        <metrics loc="42" ncloc="42" classes="1" methods="1" coveredmethods="1" conditionals="0" coveredconditionals="0" statements="1" coveredstatements="1" elements="2" coveredelements="2"/>
      </file>
      <file name="/home/runner/work/blog/blog/app/View/Components/TopTags.php">
        <class name="App\View\Components\TopTags" namespace="App\View\Components">
          <metrics complexity="1" methods="1" coveredmethods="1" conditionals="0" coveredconditionals="0" statements="1" coveredstatements="1" elements="2" coveredelements="2"/>
        </class>
        <line num="11" type="method" name="render" visibility="public" complexity="1" crap="1" count="2"/>
        <line num="13" type="stmt" count="2"/>
        <metrics loc="16" ncloc="16" classes="1" methods="1" coveredmethods="1" conditionals="0" coveredconditionals="0" statements="1" coveredstatements="1" elements="2" coveredelements="2"/>
      </file>
    </package>
    <metrics files="60" loc="2255" ncloc="1952" classes="46" methods="106" coveredmethods="78" conditionals="0" coveredconditionals="0" statements="550" coveredstatements="454" elements="656" coveredelements="532"/>
  </project>
</coverage>
